<?xml version="1.0" encoding="UTF-8"?>
<testsuites>
  <testsuite name="Application Test Suit" tests="3" assertions="3" errors="0" failures="0" skipped="0" time="0.345012">
    <testsuite name="Tests\Unit\ControllerTest" file="/application/tests/Unit/ControllerTest.php" tests="2" assertions="2" errors="0" failures="0" skipped="0" time="0.243422">
      <testcase name="testExample" class="Tests\Unit\ControllerTest" classname="Tests.Unit.ControllerTest" file="/application/tests/Unit/ControllerTest.php" line="16" assertions="1" time="0.146337"/>
      <testcase name="testTestingData2" class="Tests\Unit\ControllerTest" classname="Tests.Unit.ControllerTest" file="/application/tests/Unit/ControllerTest.php" line="25" assertions="1" time="0.097085"/>
    </testsuite>
    <testsuite name="Tests\Unit\ExampleTest" file="/application/tests/Unit/ExampleTest.php" tests="1" assertions="1" errors="0" failures="0" skipped="0" time="0.101590">
      <testcase name="testBasicTest" class="Tests\Unit\ExampleTest" classname="Tests.Unit.ExampleTest" file="/application/tests/Unit/ExampleTest.php" line="15" assertions="1" time="0.101590"/>
    </testsuite>
  </testsuite>
</testsuites>
